This file contains any messages produced by compilers while
running configure, to aid debugging if configure makes a mistake.

It was created by IRC configure 0.1.0, which was
generated by GNU Autoconf 2.67.  Invocation command line was

  $ ./configure 

## --------- ##
## Platform. ##
## --------- ##

hostname = ubuntu
uname -m = i686
uname -r = 2.6.35-28-generic-pae
uname -s = Linux
uname -v = #50-Ubuntu SMP Fri Mar 18 20:43:15 UTC 2011

/usr/bin/uname -p = unknown
/bin/uname -X     = unknown

/bin/arch              = unknown
/usr/bin/arch -k       = unknown
/usr/convex/getsysinfo = unknown
/usr/bin/hostinfo      = unknown
/bin/machine           = unknown
/usr/bin/oslevel       = unknown
/bin/universe          = unknown

PATH: /usr/local/sbin
PATH: /usr/local/bin
PATH: /usr/sbin
PATH: /usr/bin
PATH: /sbin
PATH: /bin
PATH: /usr/games


## ----------- ##
## Core tests. ##
## ----------- ##

configure:2419: checking for a BSD-compatible install
configure:2487: result: /usr/bin/install -c
configure:2498: checking whether build environment is sane
configure:2548: result: yes
configure:2689: checking for a thread-safe mkdir -p
configure:2728: result: /bin/mkdir -p
configure:2741: checking for gawk
configure:2771: result: no
configure:2741: checking for mawk
configure:2757: found /usr/bin/mawk
configure:2768: result: mawk
configure:2779: checking whether make sets $(MAKE)
configure:2801: result: yes
configure:2882: checking whether to enable maintainer-specific portions of Makefiles
configure:2891: result: no
configure:2953: checking for gcc
configure:2969: found /usr/bin/gcc
configure:2980: result: gcc
configure:3209: checking for C compiler version
configure:3218: gcc --version >&5
gcc (Ubuntu/Linaro 4.4.4-14ubuntu5) 4.4.5
Copyright (C) 2010 Free Software Foundation, Inc.
This is free software; see the source for copying conditions.  There is NO
warranty; not even for MERCHANTABILITY or FITNESS FOR A PARTICULAR PURPOSE.

configure:3229: $? = 0
configure:3218: gcc -v >&5
Using built-in specs.
Target: i686-linux-gnu
Configured with: ../src/configure -v --with-pkgversion='Ubuntu/Linaro 4.4.4-14ubuntu5' --with-bugurl=file:///usr/share/doc/gcc-4.4/README.Bugs --enable-languages=c,c++,fortran,objc,obj-c++ --prefix=/usr --program-suffix=-4.4 --enable-shared --enable-multiarch --enable-linker-build-id --with-system-zlib --libexecdir=/usr/lib --without-included-gettext --enable-threads=posix --with-gxx-include-dir=/usr/include/c++/4.4 --libdir=/usr/lib --enable-nls --with-sysroot=/ --enable-clocale=gnu --enable-libstdcxx-debug --enable-objc-gc --enable-targets=all --disable-werror --with-arch-32=i686 --with-tune=generic --enable-checking=release --build=i686-linux-gnu --host=i686-linux-gnu --target=i686-linux-gnu
Thread model: posix
gcc version 4.4.5 (Ubuntu/Linaro 4.4.4-14ubuntu5) 
configure:3229: $? = 0
configure:3218: gcc -V >&5
gcc: '-V' option must have argument
configure:3229: $? = 1
configure:3218: gcc -qversion >&5
gcc: unrecognized option '-qversion'
gcc: no input files
configure:3229: $? = 1
configure:3249: checking whether the C compiler works
configure:3271: gcc    conftest.c  >&5
configure:3275: $? = 0
configure:3323: result: yes
configure:3326: checking for C compiler default output file name
configure:3328: result: a.out
configure:3334: checking for suffix of executables
configure:3341: gcc -o conftest    conftest.c  >&5
configure:3345: $? = 0
configure:3367: result: 
configure:3389: checking whether we are cross compiling
configure:3397: gcc -o conftest    conftest.c  >&5
configure:3401: $? = 0
configure:3408: ./conftest
configure:3412: $? = 0
configure:3427: result: no
configure:3432: checking for suffix of object files
configure:3454: gcc -c   conftest.c >&5
configure:3458: $? = 0
configure:3479: result: o
configure:3483: checking whether we are using the GNU C compiler
configure:3502: gcc -c   conftest.c >&5
configure:3502: $? = 0
configure:3511: result: yes
configure:3520: checking whether gcc accepts -g
configure:3540: gcc -c -g  conftest.c >&5
configure:3540: $? = 0
configure:3581: result: yes
configure:3598: checking for gcc option to accept ISO C89
configure:3662: gcc  -c -g -O2  conftest.c >&5
configure:3662: $? = 0
configure:3675: result: none needed
configure:3706: checking for style of include used by make
configure:3734: result: GNU
configure:3759: checking dependency style of gcc
configure:3869: result: gcc3
configure:3885: checking whether gcc and cc understand -c and -o together
configure:3916: gcc -c conftest.c -o conftest2.o >&5
configure:3920: $? = 0
configure:3926: gcc -c conftest.c -o conftest2.o >&5
configure:3930: $? = 0
configure:3941: cc -c conftest.c >&5
configure:3945: $? = 0
configure:3953: cc -c conftest.c -o conftest2.o >&5
configure:3957: $? = 0
configure:3963: cc -c conftest.c -o conftest2.o >&5
configure:3967: $? = 0
configure:3985: result: yes
configure:4043: WARNING: Libtool does not cope well with whitespace in `pwd`
configure:4070: checking build system type
configure:4084: result: i686-pc-linux-gnu
configure:4104: checking host system type
configure:4117: result: i686-pc-linux-gnu
configure:4137: checking for a sed that does not truncate output
configure:4201: result: /bin/sed
configure:4219: checking for grep that handles long lines and -e
configure:4277: result: /bin/grep
configure:4282: checking for egrep
configure:4344: result: /bin/grep -E
configure:4349: checking for fgrep
configure:4411: result: /bin/grep -F
configure:4446: checking for ld used by gcc
configure:4513: result: /usr/bin/ld
configure:4520: checking if the linker (/usr/bin/ld) is GNU ld
configure:4535: result: yes
configure:4547: checking for BSD- or MS-compatible name lister (nm)
configure:4596: result: /usr/bin/nm -B
configure:4714: checking the name lister (/usr/bin/nm -B) interface
configure:4721: gcc -c -g -O2  conftest.c >&5
configure:4724: /usr/bin/nm -B "conftest.o"
configure:4727: output
00000000 B some_variable
configure:4734: result: BSD nm
configure:4737: checking whether ln -s works
configure:4741: result: yes
configure:4749: checking the maximum length of command line arguments
configure:4869: result: 1572864
configure:4886: checking whether the shell understands some XSI constructs
configure:4896: result: yes
configure:4900: checking whether the shell understands "+="
configure:4906: result: yes
configure:4941: checking for /usr/bin/ld option to reload object files
configure:4948: result: -r
configure:5017: checking for objdump
configure:5033: found /usr/bin/objdump
configure:5044: result: objdump
configure:5076: checking how to recognize dependent libraries
configure:5272: result: pass_all
configure:5332: checking for ar
configure:5348: found /usr/bin/ar
configure:5359: result: ar
configure:5437: checking for strip
configure:5453: found /usr/bin/strip
configure:5464: result: strip
configure:5536: checking for ranlib
configure:5552: found /usr/bin/ranlib
configure:5563: result: ranlib
configure:5653: checking command to parse /usr/bin/nm -B output from gcc object
configure:5771: gcc -c -g -O2  conftest.c >&5
configure:5774: $? = 0
configure:5778: /usr/bin/nm -B conftest.o \| sed -n -e 's/^.*[	 ]\([ABCDGIRSTW][ABCDGIRSTW]*\)[	 ][	 ]*\([_A-Za-z][_A-Za-z0-9]*\)$/\1 \2 \2/p' \> conftest.nm
configure:5781: $? = 0
configure:5835: gcc -o conftest -g -O2   conftest.c conftstm.o >&5
configure:5838: $? = 0
configure:5876: result: ok
configure:6685: checking how to run the C preprocessor
configure:6716: gcc -E  conftest.c
configure:6716: $? = 0
configure:6730: gcc -E  conftest.c
conftest.c:11: fatal error: ac_nonexistent.h: No such file or directory
compilation terminated.
configure:6730: $? = 1
configure: failed program was:
| /* confdefs.h */
| #define PACKAGE_NAME "IRC"
| #define PACKAGE_TARNAME "IRC"
| #define PACKAGE_VERSION "0.1.0"
| #define PACKAGE_STRING "IRC 0.1.0"
| #define PACKAGE_BUGREPORT "dimitrovventzislav@googlemail.com"
| #define PACKAGE_URL ""
| #define PACKAGE "IRC"
| #define VERSION "0.1.0"
| /* end confdefs.h.  */
| #include <ac_nonexistent.h>
configure:6755: result: gcc -E
configure:6775: gcc -E  conftest.c
configure:6775: $? = 0
configure:6789: gcc -E  conftest.c
conftest.c:11: fatal error: ac_nonexistent.h: No such file or directory
compilation terminated.
configure:6789: $? = 1
configure: failed program was:
| /* confdefs.h */
| #define PACKAGE_NAME "IRC"
| #define PACKAGE_TARNAME "IRC"
| #define PACKAGE_VERSION "0.1.0"
| #define PACKAGE_STRING "IRC 0.1.0"
| #define PACKAGE_BUGREPORT "dimitrovventzislav@googlemail.com"
| #define PACKAGE_URL ""
| #define PACKAGE "IRC"
| #define VERSION "0.1.0"
| /* end confdefs.h.  */
| #include <ac_nonexistent.h>
configure:6818: checking for ANSI C header files
configure:6838: gcc -c -g -O2  conftest.c >&5
configure:6838: $? = 0
configure:6911: gcc -o conftest -g -O2   conftest.c  >&5
configure:6911: $? = 0
configure:6911: ./conftest
configure:6911: $? = 0
configure:6922: result: yes
configure:6935: checking for sys/types.h
configure:6935: gcc -c -g -O2  conftest.c >&5
configure:6935: $? = 0
configure:6935: result: yes
configure:6935: checking for sys/stat.h
configure:6935: gcc -c -g -O2  conftest.c >&5
configure:6935: $? = 0
configure:6935: result: yes
configure:6935: checking for stdlib.h
configure:6935: gcc -c -g -O2  conftest.c >&5
configure:6935: $? = 0
configure:6935: result: yes
configure:6935: checking for string.h
configure:6935: gcc -c -g -O2  conftest.c >&5
configure:6935: $? = 0
configure:6935: result: yes
configure:6935: checking for memory.h
configure:6935: gcc -c -g -O2  conftest.c >&5
configure:6935: $? = 0
configure:6935: result: yes
configure:6935: checking for strings.h
configure:6935: gcc -c -g -O2  conftest.c >&5
configure:6935: $? = 0
configure:6935: result: yes
configure:6935: checking for inttypes.h
configure:6935: gcc -c -g -O2  conftest.c >&5
configure:6935: $? = 0
configure:6935: result: yes
configure:6935: checking for stdint.h
configure:6935: gcc -c -g -O2  conftest.c >&5
configure:6935: $? = 0
configure:6935: result: yes
configure:6935: checking for unistd.h
configure:6935: gcc -c -g -O2  conftest.c >&5
configure:6935: $? = 0
configure:6935: result: yes
configure:6949: checking for dlfcn.h
configure:6949: gcc -c -g -O2  conftest.c >&5
configure:6949: $? = 0
configure:6949: result: yes
configure:7103: checking for objdir
configure:7118: result: .libs
configure:7410: checking if gcc supports -fno-rtti -fno-exceptions
configure:7428: gcc -c -g -O2  -fno-rtti -fno-exceptions conftest.c >&5
cc1: warning: command line option "-fno-rtti" is valid for C++/ObjC++ but not for C
configure:7432: $? = 0
configure:7445: result: no
configure:7465: checking for gcc option to produce PIC
configure:7737: result: -fPIC -DPIC
configure:7749: checking if gcc PIC flag -fPIC -DPIC works
configure:7767: gcc -c -g -O2  -fPIC -DPIC -DPIC conftest.c >&5
configure:7771: $? = 0
configure:7784: result: yes
configure:7808: checking if gcc static flag -static works
configure:7836: result: yes
configure:7851: checking if gcc supports -c -o file.o
configure:7872: gcc -c -g -O2  -o out/conftest2.o conftest.c >&5
configure:7876: $? = 0
configure:7898: result: yes
configure:7906: checking if gcc supports -c -o file.o
configure:7953: result: yes
configure:7986: checking whether the gcc linker (/usr/bin/ld) supports shared libraries
configure:8977: result: yes
configure:9014: checking whether -lc should be explicitly linked in
configure:9019: gcc -c -g -O2  conftest.c >&5
configure:9022: $? = 0
configure:9037: gcc -shared conftest.o  -v -Wl,-soname -Wl,conftest -o conftest 2\>\&1 \| /bin/grep  -lc  \>/dev/null 2\>\&1
configure:9040: $? = 0
configure:9052: result: no
configure:9216: checking dynamic linker characteristics
configure:9649: gcc -o conftest -g -O2   -Wl,-rpath -Wl,/foo conftest.c  >&5
configure:9649: $? = 0
configure:9879: result: GNU/Linux ld.so
configure:9981: checking how to hardcode library paths into programs
configure:10006: result: immediate
configure:10526: checking whether stripping libraries is possible
configure:10531: result: yes
configure:10566: checking if libtool supports shared libraries
configure:10568: result: yes
configure:10571: checking whether to build shared libraries
configure:10592: result: yes
configure:10595: checking whether to build static libraries
configure:10599: result: no
configure:10637: checking for valac
configure:10655: found /usr/bin/valac
configure:10668: result: /usr/bin/valac
configure:10688: checking locale.h usability
configure:10688: gcc -c -g -O2  conftest.c >&5
configure:10688: $? = 0
configure:10688: result: yes
configure:10688: checking locale.h presence
configure:10688: gcc -E  conftest.c
configure:10688: $? = 0
configure:10688: result: yes
configure:10688: checking for locale.h
configure:10688: result: yes
configure:10699: checking for LC_MESSAGES
configure:10715: gcc -o conftest -g -O2   conftest.c  >&5
configure:10715: $? = 0
configure:10723: result: yes
configure:10740: checking libintl.h usability
configure:10740: gcc -c -g -O2  conftest.c >&5
configure:10740: $? = 0
configure:10740: result: yes
configure:10740: checking libintl.h presence
configure:10740: gcc -E  conftest.c
configure:10740: $? = 0
configure:10740: result: yes
configure:10740: checking for libintl.h
configure:10740: result: yes
configure:10748: checking for ngettext in libc
configure:10766: gcc -o conftest -g -O2   conftest.c  >&5
configure:10766: $? = 0
configure:10775: result: yes
configure:10779: checking for dgettext in libc
configure:10797: gcc -o conftest -g -O2   conftest.c  >&5
configure:10797: $? = 0
configure:10806: result: yes
configure:10813: checking for bind_textdomain_codeset
configure:10813: gcc -o conftest -g -O2   conftest.c  >&5
configure:10813: $? = 0
configure:10813: result: yes
configure:11089: checking for msgfmt
configure:11116: result: /usr/bin/msgfmt
configure:11127: checking for dcgettext
configure:11127: gcc -o conftest -g -O2   conftest.c   >&5
conftest.c:51: warning: conflicting types for built-in function 'dcgettext'
configure:11127: $? = 0
configure:11127: result: yes
configure:11137: checking if msgfmt accepts -c
configure:11152: $MSGFMT -c -o /dev/null conftest.foo
configure:11155: $? = 0
configure:11157: result: yes
configure:11167: checking for gmsgfmt
configure:11198: result: /usr/bin/msgfmt
configure:11208: checking for xgettext
configure:11235: result: /usr/bin/xgettext
configure:11254: gcc -o conftest -g -O2   conftest.c   >&5
configure:11254: $? = 0
configure:11390: checking whether NLS is requested
configure:11399: result: yes
configure:11414: checking for intltool >= 0.35.0
configure:11421: result: 0.41.1 found
configure:11429: checking for intltool-update
configure:11447: found /usr/bin/intltool-update
configure:11459: result: /usr/bin/intltool-update
configure:11469: checking for intltool-merge
configure:11487: found /usr/bin/intltool-merge
configure:11499: result: /usr/bin/intltool-merge
configure:11509: checking for intltool-extract
configure:11527: found /usr/bin/intltool-extract
configure:11539: result: /usr/bin/intltool-extract
configure:11670: checking for xgettext
configure:11700: result: /usr/bin/xgettext
configure:11710: checking for msgmerge
configure:11728: found /usr/bin/msgmerge
configure:11740: result: /usr/bin/msgmerge
configure:11750: checking for msgfmt
configure:11780: result: /usr/bin/msgfmt
configure:11790: checking for gmsgfmt
configure:11821: result: /usr/bin/msgfmt
configure:11841: checking for perl
configure:11859: found /usr/bin/perl
configure:11871: result: /usr/bin/perl
configure:11882: checking for perl >= 5.8.1
configure:11889: result: 5.10.1
configure:11893: checking for XML::Parser
configure:11896: result: ok
configure:12007: checking for pkg-config
configure:12025: found /usr/bin/pkg-config
configure:12037: result: /usr/bin/pkg-config
configure:12062: checking pkg-config is at least version 0.9.0
configure:12065: result: yes
configure:12075: checking for IRC
configure:12082: $PKG_CONFIG --exists --print-errors "glib-2.0 >= $GLIB_REQUIRED gobject-2.0 >= $GLIB_REQUIRED"
configure:12085: $? = 0
configure:12098: $PKG_CONFIG --exists --print-errors "glib-2.0 >= $GLIB_REQUIRED gobject-2.0 >= $GLIB_REQUIRED"
configure:12101: $? = 0
configure:12158: result: yes
configure:12295: creating ./config.status

## ---------------------- ##
## Running config.status. ##
## ---------------------- ##

This file was extended by IRC config.status 0.1.0, which was
generated by GNU Autoconf 2.67.  Invocation command line was

  CONFIG_FILES    = 
  CONFIG_HEADERS  = 
  CONFIG_LINKS    = 
  CONFIG_COMMANDS = 
  $ ./config.status 

on ubuntu

config.status:1148: creating Makefile
config.status:1148: creating src/Makefile
config.status:1148: creating po/Makefile.in
config.status:1148: creating config.h
config.status:1328: config.h is unchanged
config.status:1376: executing depfiles commands
config.status:1376: executing libtool commands
config.status:1376: executing default-1 commands
config.status:1376: executing po/stamp-it commands

## ---------------- ##
## Cache variables. ##
## ---------------- ##

ac_cv_build=i686-pc-linux-gnu
ac_cv_c_compiler_gnu=yes
ac_cv_env_CC_set=
ac_cv_env_CC_value=
ac_cv_env_CFLAGS_set=
ac_cv_env_CFLAGS_value=
ac_cv_env_CPPFLAGS_set=
ac_cv_env_CPPFLAGS_value=
ac_cv_env_CPP_set=
ac_cv_env_CPP_value=
ac_cv_env_IRC_CFLAGS_set=
ac_cv_env_IRC_CFLAGS_value=
ac_cv_env_IRC_LIBS_set=
ac_cv_env_IRC_LIBS_value=
ac_cv_env_LDFLAGS_set=
ac_cv_env_LDFLAGS_value=
ac_cv_env_LIBS_set=
ac_cv_env_LIBS_value=
ac_cv_env_PKG_CONFIG_LIBDIR_set=
ac_cv_env_PKG_CONFIG_LIBDIR_value=
ac_cv_env_PKG_CONFIG_PATH_set=
ac_cv_env_PKG_CONFIG_PATH_value=
ac_cv_env_PKG_CONFIG_set=
ac_cv_env_PKG_CONFIG_value=
ac_cv_env_build_alias_set=
ac_cv_env_build_alias_value=
ac_cv_env_host_alias_set=
ac_cv_env_host_alias_value=
ac_cv_env_target_alias_set=
ac_cv_env_target_alias_value=
ac_cv_func_bind_textdomain_codeset=yes
ac_cv_func_dcgettext=yes
ac_cv_header_dlfcn_h=yes
ac_cv_header_inttypes_h=yes
ac_cv_header_libintl_h=yes
ac_cv_header_locale_h=yes
ac_cv_header_memory_h=yes
ac_cv_header_stdc=yes
ac_cv_header_stdint_h=yes
ac_cv_header_stdlib_h=yes
ac_cv_header_string_h=yes
ac_cv_header_strings_h=yes
ac_cv_header_sys_stat_h=yes
ac_cv_header_sys_types_h=yes
ac_cv_header_unistd_h=yes
ac_cv_host=i686-pc-linux-gnu
ac_cv_objext=o
ac_cv_path_EGREP='/bin/grep -E'
ac_cv_path_FGREP='/bin/grep -F'
ac_cv_path_GMSGFMT=/usr/bin/msgfmt
ac_cv_path_GREP=/bin/grep
ac_cv_path_INTLTOOL_EXTRACT=/usr/bin/intltool-extract
ac_cv_path_INTLTOOL_MERGE=/usr/bin/intltool-merge
ac_cv_path_INTLTOOL_PERL=/usr/bin/perl
ac_cv_path_INTLTOOL_UPDATE=/usr/bin/intltool-update
ac_cv_path_MSGFMT=/usr/bin/msgfmt
ac_cv_path_MSGMERGE=/usr/bin/msgmerge
ac_cv_path_SED=/bin/sed
ac_cv_path_VALAC=/usr/bin/valac
ac_cv_path_XGETTEXT=/usr/bin/xgettext
ac_cv_path_ac_pt_PKG_CONFIG=/usr/bin/pkg-config
ac_cv_path_install='/usr/bin/install -c'
ac_cv_path_mkdir=/bin/mkdir
ac_cv_prog_AWK=mawk
ac_cv_prog_CPP='gcc -E'
ac_cv_prog_ac_ct_AR=ar
ac_cv_prog_ac_ct_CC=gcc
ac_cv_prog_ac_ct_OBJDUMP=objdump
ac_cv_prog_ac_ct_RANLIB=ranlib
ac_cv_prog_ac_ct_STRIP=strip
ac_cv_prog_cc_c89=
ac_cv_prog_cc_g=yes
ac_cv_prog_cc_gcc_c_o=yes
ac_cv_prog_make_make_set=yes
am_cv_CC_dependencies_compiler_type=gcc3
am_cv_val_LC_MESSAGES=yes
gt_cv_func_dgettext_libc=yes
gt_cv_func_dgettext_libintl=no
gt_cv_func_ngettext_libc=yes
gt_cv_have_gettext=yes
lt_cv_deplibs_check_method=pass_all
lt_cv_file_magic_cmd='$MAGIC_CMD'
lt_cv_file_magic_test_file=
lt_cv_ld_reload_flag=-r
lt_cv_nm_interface='BSD nm'
lt_cv_objdir=.libs
lt_cv_path_LD=/usr/bin/ld
lt_cv_path_NM='/usr/bin/nm -B'
lt_cv_prog_compiler_c_o=yes
lt_cv_prog_compiler_pic_works=yes
lt_cv_prog_compiler_rtti_exceptions=no
lt_cv_prog_compiler_static_works=yes
lt_cv_prog_gnu_ld=yes
lt_cv_sys_global_symbol_pipe='sed -n -e '\''s/^.*[	 ]\([ABCDGIRSTW][ABCDGIRSTW]*\)[	 ][	 ]*\([_A-Za-z][_A-Za-z0-9]*\)$/\1 \2 \2/p'\'''
lt_cv_sys_global_symbol_to_c_name_address='sed -n -e '\''s/^: \([^ ]*\) $/  {\"\1\", (void *) 0},/p'\'' -e '\''s/^[ABCDGIRSTW]* \([^ ]*\) \([^ ]*\)$/  {"\2", (void *) \&\2},/p'\'''
lt_cv_sys_global_symbol_to_c_name_address_lib_prefix='sed -n -e '\''s/^: \([^ ]*\) $/  {\"\1\", (void *) 0},/p'\'' -e '\''s/^[ABCDGIRSTW]* \([^ ]*\) \(lib[^ ]*\)$/  {"\2", (void *) \&\2},/p'\'' -e '\''s/^[ABCDGIRSTW]* \([^ ]*\) \([^ ]*\)$/  {"lib\2", (void *) \&\2},/p'\'''
lt_cv_sys_global_symbol_to_cdecl='sed -n -e '\''s/^T .* \(.*\)$/extern int \1();/p'\'' -e '\''s/^[ABCDGIRSTW]* .* \(.*\)$/extern char \1;/p'\'''
lt_cv_sys_max_cmd_len=1572864
pkg_cv_IRC_CFLAGS='-pthread -I/usr/include/glib-2.0 -I/usr/lib/glib-2.0/include  '
pkg_cv_IRC_LIBS='-pthread -lgobject-2.0 -lgthread-2.0 -lrt -lglib-2.0  '

## ----------------- ##
## Output variables. ##
## ----------------- ##

ACLOCAL='${SHELL} "/home/axxessio/Dokumente/Projekte/Meine Projekte/IRCClient/missing" --run aclocal-1.11'
ALL_LINGUAS=''
AMDEPBACKSLASH='\'
AMDEP_FALSE='#'
AMDEP_TRUE=''
AMTAR='${SHELL} "/home/axxessio/Dokumente/Projekte/Meine Projekte/IRCClient/missing" --run tar'
AR='ar'
AUTOCONF='${SHELL} "/home/axxessio/Dokumente/Projekte/Meine Projekte/IRCClient/missing" --run autoconf'
AUTOHEADER='${SHELL} "/home/axxessio/Dokumente/Projekte/Meine Projekte/IRCClient/missing" --run autoheader'
AUTOMAKE='${SHELL} "/home/axxessio/Dokumente/Projekte/Meine Projekte/IRCClient/missing" --run automake-1.11'
AWK='mawk'
CATALOGS=''
CATOBJEXT='.gmo'
CC='gcc'
CCDEPMODE='depmode=gcc3'
CFLAGS='-g -O2'
CPP='gcc -E'
CPPFLAGS=''
CYGPATH_W='echo'
DATADIRNAME='share'
DEFS='-DHAVE_CONFIG_H'
DEPDIR='.deps'
DSYMUTIL=''
DUMPBIN=''
ECHO_C=''
ECHO_N='-n'
ECHO_T=''
EGREP='/bin/grep -E'
EXEEXT=''
FGREP='/bin/grep -F'
GETTEXT_PACKAGE='IRC'
GMOFILES=''
GMSGFMT='/usr/bin/msgfmt'
GREP='/bin/grep'
INSTALL_DATA='${INSTALL} -m 644'
INSTALL_PROGRAM='${INSTALL}'
INSTALL_SCRIPT='${INSTALL}'
INSTALL_STRIP_PROGRAM='$(install_sh) -c -s'
INSTOBJEXT='.mo'
INTLLIBS=''
INTLTOOL_CAVES_RULE='%.caves:     %.caves.in     $(INTLTOOL_MERGE) $(wildcard $(top_srcdir)/po/*.po) ; LC_ALL=C $(INTLTOOL_MERGE) -d -u -c $(top_builddir)/po/.intltool-merge-cache $(top_srcdir)/po $< $@'
INTLTOOL_DESKTOP_RULE='%.desktop:   %.desktop.in   $(INTLTOOL_MERGE) $(wildcard $(top_srcdir)/po/*.po) ; LC_ALL=C $(INTLTOOL_MERGE) -d -u -c $(top_builddir)/po/.intltool-merge-cache $(top_srcdir)/po $< $@'
INTLTOOL_DIRECTORY_RULE='%.directory: %.directory.in $(INTLTOOL_MERGE) $(wildcard $(top_srcdir)/po/*.po) ; LC_ALL=C $(INTLTOOL_MERGE) -d -u -c $(top_builddir)/po/.intltool-merge-cache $(top_srcdir)/po $< $@'
INTLTOOL_EXTRACT='/usr/bin/intltool-extract'
INTLTOOL_KBD_RULE='%.kbd:       %.kbd.in       $(INTLTOOL_MERGE) $(wildcard $(top_srcdir)/po/*.po) ; LC_ALL=C $(INTLTOOL_MERGE) -x -u -m -c $(top_builddir)/po/.intltool-merge-cache $(top_srcdir)/po $< $@'
INTLTOOL_KEYS_RULE='%.keys:      %.keys.in      $(INTLTOOL_MERGE) $(wildcard $(top_srcdir)/po/*.po) ; LC_ALL=C $(INTLTOOL_MERGE) -k -u -c $(top_builddir)/po/.intltool-merge-cache $(top_srcdir)/po $< $@'
INTLTOOL_MERGE='/usr/bin/intltool-merge'
INTLTOOL_OAF_RULE='%.oaf:       %.oaf.in       $(INTLTOOL_MERGE) $(wildcard $(top_srcdir)/po/*.po) ; LC_ALL=C $(INTLTOOL_MERGE) -o -p $(top_srcdir)/po $< $@'
INTLTOOL_PERL='/usr/bin/perl'
INTLTOOL_POLICY_RULE='%.policy:    %.policy.in    $(INTLTOOL_MERGE) $(wildcard $(top_srcdir)/po/*.po) ; LC_ALL=C $(INTLTOOL_MERGE) -x -u -c $(top_builddir)/po/.intltool-merge-cache $(top_srcdir)/po $< $@'
INTLTOOL_PONG_RULE='%.pong:      %.pong.in      $(INTLTOOL_MERGE) $(wildcard $(top_srcdir)/po/*.po) ; LC_ALL=C $(INTLTOOL_MERGE) -x -u -c $(top_builddir)/po/.intltool-merge-cache $(top_srcdir)/po $< $@'
INTLTOOL_PROP_RULE='%.prop:      %.prop.in      $(INTLTOOL_MERGE) $(wildcard $(top_srcdir)/po/*.po) ; LC_ALL=C $(INTLTOOL_MERGE) -d -u -c $(top_builddir)/po/.intltool-merge-cache $(top_srcdir)/po $< $@'
INTLTOOL_SCHEMAS_RULE='%.schemas:   %.schemas.in   $(INTLTOOL_MERGE) $(wildcard $(top_srcdir)/po/*.po) ; LC_ALL=C $(INTLTOOL_MERGE) -s -u -c $(top_builddir)/po/.intltool-merge-cache $(top_srcdir)/po $< $@'
INTLTOOL_SERVER_RULE='%.server:    %.server.in    $(INTLTOOL_MERGE) $(wildcard $(top_srcdir)/po/*.po) ; LC_ALL=C $(INTLTOOL_MERGE) -o -u -c $(top_builddir)/po/.intltool-merge-cache $(top_srcdir)/po $< $@'
INTLTOOL_SERVICE_RULE='%.service: %.service.in   $(INTLTOOL_MERGE) $(wildcard $(top_srcdir)/po/*.po) ; LC_ALL=C $(INTLTOOL_MERGE) -d -u -c $(top_builddir)/po/.intltool-merge-cache $(top_srcdir)/po $< $@'
INTLTOOL_SHEET_RULE='%.sheet:     %.sheet.in     $(INTLTOOL_MERGE) $(wildcard $(top_srcdir)/po/*.po) ; LC_ALL=C $(INTLTOOL_MERGE) -x -u -c $(top_builddir)/po/.intltool-merge-cache $(top_srcdir)/po $< $@'
INTLTOOL_SOUNDLIST_RULE='%.soundlist: %.soundlist.in $(INTLTOOL_MERGE) $(wildcard $(top_srcdir)/po/*.po) ; LC_ALL=C $(INTLTOOL_MERGE) -d -u -c $(top_builddir)/po/.intltool-merge-cache $(top_srcdir)/po $< $@'
INTLTOOL_THEME_RULE='%.theme:     %.theme.in     $(INTLTOOL_MERGE) $(wildcard $(top_srcdir)/po/*.po) ; LC_ALL=C $(INTLTOOL_MERGE) -d -u -c $(top_builddir)/po/.intltool-merge-cache $(top_srcdir)/po $< $@'
INTLTOOL_UI_RULE='%.ui:        %.ui.in        $(INTLTOOL_MERGE) $(wildcard $(top_srcdir)/po/*.po) ; LC_ALL=C $(INTLTOOL_MERGE) -x -u -c $(top_builddir)/po/.intltool-merge-cache $(top_srcdir)/po $< $@'
INTLTOOL_UPDATE='/usr/bin/intltool-update'
INTLTOOL_XAM_RULE='%.xam:       %.xml.in       $(INTLTOOL_MERGE) $(wildcard $(top_srcdir)/po/*.po) ; LC_ALL=C $(INTLTOOL_MERGE) -x -u -c $(top_builddir)/po/.intltool-merge-cache $(top_srcdir)/po $< $@'
INTLTOOL_XML_NOMERGE_RULE='%.xml:       %.xml.in       $(INTLTOOL_MERGE) ; LC_ALL=C $(INTLTOOL_MERGE) -x -u /tmp $< $@'
INTLTOOL_XML_RULE='%.xml:       %.xml.in       $(INTLTOOL_MERGE) $(wildcard $(top_srcdir)/po/*.po) ; LC_ALL=C $(INTLTOOL_MERGE) -x -u -c $(top_builddir)/po/.intltool-merge-cache $(top_srcdir)/po $< $@'
IRC_CFLAGS='-pthread -I/usr/include/glib-2.0 -I/usr/lib/glib-2.0/include  '
IRC_LIBS='-pthread -lgobject-2.0 -lgthread-2.0 -lrt -lglib-2.0  '
LD='/usr/bin/ld'
LDFLAGS=''
LIBOBJS=''
LIBS=''
LIBTOOL='$(SHELL) $(top_builddir)/libtool'
LIPO=''
LN_S='ln -s'
LTLIBOBJS=''
MAINT='#'
MAINTAINER_MODE_FALSE=''
MAINTAINER_MODE_TRUE='#'
MAKEINFO='${SHELL} "/home/axxessio/Dokumente/Projekte/Meine Projekte/IRCClient/missing" --run makeinfo'
MKDIR_P='/bin/mkdir -p'
MKINSTALLDIRS='./mkinstalldirs'
MSGFMT='/usr/bin/msgfmt'
MSGFMT_OPTS='-c'
MSGMERGE='/usr/bin/msgmerge'
NM='/usr/bin/nm -B'
NMEDIT=''
OBJDUMP='objdump'
OBJEXT='o'
OTOOL64=''
OTOOL=''
PACKAGE='IRC'
PACKAGE_BUGREPORT='dimitrovventzislav@googlemail.com'
PACKAGE_NAME='IRC'
PACKAGE_STRING='IRC 0.1.0'
PACKAGE_TARNAME='IRC'
PACKAGE_URL=''
PACKAGE_VERSION='0.1.0'
PATH_SEPARATOR=':'
PKG_CONFIG='/usr/bin/pkg-config'
PKG_CONFIG_LIBDIR=''
PKG_CONFIG_PATH=''
POFILES=''
POSUB='po'
PO_IN_DATADIR_FALSE=''
PO_IN_DATADIR_TRUE=''
RANLIB='ranlib'
SED='/bin/sed'
SET_MAKE=''
SHELL='/bin/bash'
STRIP='strip'
USE_NLS='yes'
VALAC='/usr/bin/valac'
VERSION='0.1.0'
XGETTEXT='/usr/bin/xgettext'
ac_ct_CC='gcc'
ac_ct_DUMPBIN=''
am__EXEEXT_FALSE=''
am__EXEEXT_TRUE='#'
am__fastdepCC_FALSE='#'
am__fastdepCC_TRUE=''
am__include='include'
am__isrc=''
am__leading_dot='.'
am__quote=''
am__tar='${AMTAR} chof - "$$tardir"'
am__untar='${AMTAR} xf -'
bindir='${exec_prefix}/bin'
build='i686-pc-linux-gnu'
build_alias=''
build_cpu='i686'
build_os='linux-gnu'
build_vendor='pc'
datadir='${datarootdir}'
datarootdir='${prefix}/share'
docdir='${datarootdir}/doc/${PACKAGE_TARNAME}'
dvidir='${docdir}'
exec_prefix='${prefix}'
host='i686-pc-linux-gnu'
host_alias=''
host_cpu='i686'
host_os='linux-gnu'
host_vendor='pc'
htmldir='${docdir}'
includedir='${prefix}/include'
infodir='${datarootdir}/info'
install_sh='${SHELL} '\''/home/axxessio/Dokumente/Projekte/Meine Projekte/IRCClient/install-sh'\'''
libdir='${exec_prefix}/lib'
libexecdir='${exec_prefix}/libexec'
localedir='${datarootdir}/locale'
localstatedir='${prefix}/var'
lt_ECHO='echo'
mandir='${datarootdir}/man'
mkdir_p='/bin/mkdir -p'
oldincludedir='/usr/include'
pdfdir='${docdir}'
prefix='/usr/local'
program_transform_name='s,x,x,'
psdir='${docdir}'
sbindir='${exec_prefix}/sbin'
sharedstatedir='${prefix}/com'
sysconfdir='${prefix}/etc'
target_alias=''

## ----------- ##
## confdefs.h. ##
## ----------- ##

/* confdefs.h */
#define PACKAGE_NAME "IRC"
#define PACKAGE_TARNAME "IRC"
#define PACKAGE_VERSION "0.1.0"
#define PACKAGE_STRING "IRC 0.1.0"
#define PACKAGE_BUGREPORT "dimitrovventzislav@googlemail.com"
#define PACKAGE_URL ""
#define PACKAGE "IRC"
#define VERSION "0.1.0"
#define STDC_HEADERS 1
#define HAVE_SYS_TYPES_H 1
#define HAVE_SYS_STAT_H 1
#define HAVE_STDLIB_H 1
#define HAVE_STRING_H 1
#define HAVE_MEMORY_H 1
#define HAVE_STRINGS_H 1
#define HAVE_INTTYPES_H 1
#define HAVE_STDINT_H 1
#define HAVE_UNISTD_H 1
#define HAVE_DLFCN_H 1
#define LT_OBJDIR ".libs/"
#define GETTEXT_PACKAGE "IRC"
#define HAVE_LOCALE_H 1
#define HAVE_LC_MESSAGES 1
#define HAVE_BIND_TEXTDOMAIN_CODESET 1
#define HAVE_GETTEXT 1
#define HAVE_DCGETTEXT 1
#define ENABLE_NLS 1

configure: exit 0

## ---------------------- ##
## Running config.status. ##
## ---------------------- ##

This file was extended by IRC config.status 0.1.0, which was
generated by GNU Autoconf 2.67.  Invocation command line was

  CONFIG_FILES    = 
  CONFIG_HEADERS  = 
  CONFIG_LINKS    = 
  CONFIG_COMMANDS = 
  $ ./config.status Makefile

on ubuntu

config.status:1148: creating Makefile

## ---------------------- ##
## Running config.status. ##
## ---------------------- ##

This file was extended by IRC config.status 0.1.0, which was
generated by GNU Autoconf 2.67.  Invocation command line was

  CONFIG_FILES    = 
  CONFIG_HEADERS  = 
  CONFIG_LINKS    = 
  CONFIG_COMMANDS = 
  $ ./config.status src/Makefile depfiles

on ubuntu

config.status:1148: creating src/Makefile
config.status:1376: executing depfiles commands

## ---------------------- ##
## Running config.status. ##
## ---------------------- ##

This file was extended by IRC config.status 0.1.0, which was
generated by GNU Autoconf 2.67.  Invocation command line was

  CONFIG_FILES    = 
  CONFIG_HEADERS  = 
  CONFIG_LINKS    = 
  CONFIG_COMMANDS = 
  $ ./config.status Makefile

on ubuntu

config.status:1148: creating Makefile

## ---------------------- ##
## Running config.status. ##
## ---------------------- ##

This file was extended by IRC config.status 0.1.0, which was
generated by GNU Autoconf 2.67.  Invocation command line was

  CONFIG_FILES    = 
  CONFIG_HEADERS  = 
  CONFIG_LINKS    = 
  CONFIG_COMMANDS = 
  $ ./config.status src/Makefile depfiles

on ubuntu

config.status:1148: creating src/Makefile
config.status:1376: executing depfiles commands

## ---------------------- ##
## Running config.status. ##
## ---------------------- ##

This file was extended by IRC config.status 0.1.0, which was
generated by GNU Autoconf 2.67.  Invocation command line was

  CONFIG_FILES    = 
  CONFIG_HEADERS  = 
  CONFIG_LINKS    = 
  CONFIG_COMMANDS = 
  $ ./config.status Makefile

on ubuntu

config.status:1148: creating Makefile

## ---------------------- ##
## Running config.status. ##
## ---------------------- ##

This file was extended by IRC config.status 0.1.0, which was
generated by GNU Autoconf 2.67.  Invocation command line was

  CONFIG_FILES    = 
  CONFIG_HEADERS  = 
  CONFIG_LINKS    = 
  CONFIG_COMMANDS = 
  $ ./config.status src/Makefile depfiles

on ubuntu

config.status:1148: creating src/Makefile
config.status:1376: executing depfiles commands

## ---------------------- ##
## Running config.status. ##
## ---------------------- ##

This file was extended by IRC config.status 0.1.0, which was
generated by GNU Autoconf 2.67.  Invocation command line was

  CONFIG_FILES    = 
  CONFIG_HEADERS  = 
  CONFIG_LINKS    = 
  CONFIG_COMMANDS = 
  $ ./config.status Makefile

on ubuntu

config.status:1148: creating Makefile

## ---------------------- ##
## Running config.status. ##
## ---------------------- ##

This file was extended by IRC config.status 0.1.0, which was
generated by GNU Autoconf 2.67.  Invocation command line was

  CONFIG_FILES    = 
  CONFIG_HEADERS  = 
  CONFIG_LINKS    = 
  CONFIG_COMMANDS = 
  $ ./config.status src/Makefile depfiles

on ubuntu

config.status:1148: creating src/Makefile
config.status:1376: executing depfiles commands

## ---------------------- ##
## Running config.status. ##
## ---------------------- ##

This file was extended by IRC config.status 0.1.0, which was
generated by GNU Autoconf 2.67.  Invocation command line was

  CONFIG_FILES    = 
  CONFIG_HEADERS  = 
  CONFIG_LINKS    = 
  CONFIG_COMMANDS = 
  $ ./config.status Makefile

on ubuntu

config.status:1148: creating Makefile

## ---------------------- ##
## Running config.status. ##
## ---------------------- ##

This file was extended by IRC config.status 0.1.0, which was
generated by GNU Autoconf 2.67.  Invocation command line was

  CONFIG_FILES    = 
  CONFIG_HEADERS  = 
  CONFIG_LINKS    = 
  CONFIG_COMMANDS = 
  $ ./config.status src/Makefile depfiles

on ubuntu

config.status:1148: creating src/Makefile
config.status:1376: executing depfiles commands

## ---------------------- ##
## Running config.status. ##
## ---------------------- ##

This file was extended by IRC config.status 0.1.0, which was
generated by GNU Autoconf 2.67.  Invocation command line was

  CONFIG_FILES    = 
  CONFIG_HEADERS  = 
  CONFIG_LINKS    = 
  CONFIG_COMMANDS = 
  $ ./config.status Makefile

on ubuntu

config.status:1148: creating Makefile

## ---------------------- ##
## Running config.status. ##
## ---------------------- ##

This file was extended by IRC config.status 0.1.0, which was
generated by GNU Autoconf 2.67.  Invocation command line was

  CONFIG_FILES    = 
  CONFIG_HEADERS  = 
  CONFIG_LINKS    = 
  CONFIG_COMMANDS = 
  $ ./config.status src/Makefile depfiles

on ubuntu

config.status:1148: creating src/Makefile
config.status:1376: executing depfiles commands

## ---------------------- ##
## Running config.status. ##
## ---------------------- ##

This file was extended by IRC config.status 0.1.0, which was
generated by GNU Autoconf 2.67.  Invocation command line was

  CONFIG_FILES    = 
  CONFIG_HEADERS  = 
  CONFIG_LINKS    = 
  CONFIG_COMMANDS = 
  $ ./config.status Makefile

on ubuntu

config.status:1148: creating Makefile

## ---------------------- ##
## Running config.status. ##
## ---------------------- ##

This file was extended by IRC config.status 0.1.0, which was
generated by GNU Autoconf 2.67.  Invocation command line was

  CONFIG_FILES    = 
  CONFIG_HEADERS  = 
  CONFIG_LINKS    = 
  CONFIG_COMMANDS = 
  $ ./config.status src/Makefile depfiles

on ubuntu

config.status:1148: creating src/Makefile
config.status:1376: executing depfiles commands

## ---------------------- ##
## Running config.status. ##
## ---------------------- ##

This file was extended by IRC config.status 0.1.0, which was
generated by GNU Autoconf 2.67.  Invocation command line was

  CONFIG_FILES    = 
  CONFIG_HEADERS  = 
  CONFIG_LINKS    = 
  CONFIG_COMMANDS = 
  $ ./config.status Makefile

on ubuntu

config.status:1148: creating Makefile

## ---------------------- ##
## Running config.status. ##
## ---------------------- ##

This file was extended by IRC config.status 0.1.0, which was
generated by GNU Autoconf 2.67.  Invocation command line was

  CONFIG_FILES    = 
  CONFIG_HEADERS  = 
  CONFIG_LINKS    = 
  CONFIG_COMMANDS = 
  $ ./config.status src/Makefile depfiles

on ubuntu

config.status:1148: creating src/Makefile
config.status:1376: executing depfiles commands

## ---------------------- ##
## Running config.status. ##
## ---------------------- ##

This file was extended by IRC config.status 0.1.0, which was
generated by GNU Autoconf 2.67.  Invocation command line was

  CONFIG_FILES    = 
  CONFIG_HEADERS  = 
  CONFIG_LINKS    = 
  CONFIG_COMMANDS = 
  $ ./config.status Makefile

on ubuntu

config.status:1148: creating Makefile

## ---------------------- ##
## Running config.status. ##
## ---------------------- ##

This file was extended by IRC config.status 0.1.0, which was
generated by GNU Autoconf 2.67.  Invocation command line was

  CONFIG_FILES    = 
  CONFIG_HEADERS  = 
  CONFIG_LINKS    = 
  CONFIG_COMMANDS = 
  $ ./config.status src/Makefile depfiles

on ubuntu

config.status:1148: creating src/Makefile
config.status:1376: executing depfiles commands

## ---------------------- ##
## Running config.status. ##
## ---------------------- ##

This file was extended by IRC config.status 0.1.0, which was
generated by GNU Autoconf 2.67.  Invocation command line was

  CONFIG_FILES    = 
  CONFIG_HEADERS  = 
  CONFIG_LINKS    = 
  CONFIG_COMMANDS = 
  $ ./config.status Makefile

on ubuntu

config.status:1148: creating Makefile

## ---------------------- ##
## Running config.status. ##
## ---------------------- ##

This file was extended by IRC config.status 0.1.0, which was
generated by GNU Autoconf 2.67.  Invocation command line was

  CONFIG_FILES    = 
  CONFIG_HEADERS  = 
  CONFIG_LINKS    = 
  CONFIG_COMMANDS = 
  $ ./config.status src/Makefile depfiles

on ubuntu

config.status:1148: creating src/Makefile
config.status:1376: executing depfiles commands

## ---------------------- ##
## Running config.status. ##
## ---------------------- ##

This file was extended by IRC config.status 0.1.0, which was
generated by GNU Autoconf 2.67.  Invocation command line was

  CONFIG_FILES    = 
  CONFIG_HEADERS  = 
  CONFIG_LINKS    = 
  CONFIG_COMMANDS = 
  $ ./config.status Makefile

on ubuntu

config.status:1148: creating Makefile

## ---------------------- ##
## Running config.status. ##
## ---------------------- ##

This file was extended by IRC config.status 0.1.0, which was
generated by GNU Autoconf 2.67.  Invocation command line was

  CONFIG_FILES    = 
  CONFIG_HEADERS  = 
  CONFIG_LINKS    = 
  CONFIG_COMMANDS = 
  $ ./config.status src/Makefile depfiles

on ubuntu

config.status:1148: creating src/Makefile
config.status:1376: executing depfiles commands

## ---------------------- ##
## Running config.status. ##
## ---------------------- ##

This file was extended by IRC config.status 0.1.0, which was
generated by GNU Autoconf 2.67.  Invocation command line was

  CONFIG_FILES    = 
  CONFIG_HEADERS  = 
  CONFIG_LINKS    = 
  CONFIG_COMMANDS = 
  $ ./config.status Makefile

on ubuntu

config.status:1148: creating Makefile

## ---------------------- ##
## Running config.status. ##
## ---------------------- ##

This file was extended by IRC config.status 0.1.0, which was
generated by GNU Autoconf 2.67.  Invocation command line was

  CONFIG_FILES    = 
  CONFIG_HEADERS  = 
  CONFIG_LINKS    = 
  CONFIG_COMMANDS = 
  $ ./config.status src/Makefile depfiles

on ubuntu

config.status:1148: creating src/Makefile
config.status:1376: executing depfiles commands
